<?xml version="1.0" encoding="UTF-8"?>
<!-- Generated by org.testng.reporters.JUnitReportReporter -->
<testsuite hostname="DESKTOP-URHJUUA" failures="0" tests="4" name="api.testcases.UserTest" time="7.792" errors="0" timestamp="2025-01-01T19:00:40 IST" skipped="0">
  <testcase classname="api.testcases.UserTest" name="testCreateUser" time="2.764"/>
  <system-out/>
  <testcase classname="api.testcases.UserTest" name="testGetUserData" time="1.308"/>
  <system-out/>
  <testcase classname="api.testcases.UserTest" name="testUpdateUser" time="2.422"/>
  <system-out/>
  <testcase classname="api.testcases.UserTest" name="testDeleteUser" time="1.298"/>
  <system-out/>
</testsuite> <!-- api.testcases.UserTest -->
